<?xml version="1.0" encoding="UTF-8"?>
<testsuite name="com.Team22.preproject.StackOverFlow.StackOverFlowApplicationTests" tests="1" skipped="0" failures="0" errors="0" timestamp="2022-09-06T09:42:49" hostname="YONGHO" time="0.105">
  <properties/>
  <testcase name="contextLoads()" classname="com.Team22.preproject.StackOverFlow.StackOverFlowApplicationTests" time="0.105"/>
  <system-out><![CDATA[18:42:43.134 [Test worker] DEBUG org.springframework.test.context.BootstrapUtils - Instantiating CacheAwareContextLoaderDelegate from class [org.springframework.test.context.cache.DefaultCacheAwareContextLoaderDelegate]
18:42:43.145 [Test worker] DEBUG org.springframework.test.context.BootstrapUtils - Instantiating BootstrapContext using constructor [public org.springframework.test.context.support.DefaultBootstrapContext(java.lang.Class,org.springframework.test.context.CacheAwareContextLoaderDelegate)]
18:42:43.175 [Test worker] DEBUG org.springframework.test.context.BootstrapUtils - Instantiating TestContextBootstrapper for test class [com.Team22.preproject.StackOverFlow.StackOverFlowApplicationTests] from class [org.springframework.boot.test.context.SpringBootTestContextBootstrapper]
18:42:43.186 [Test worker] INFO org.springframework.boot.test.context.SpringBootTestContextBootstrapper - Neither @ContextConfiguration nor @ContextHierarchy found for test class [com.Team22.preproject.StackOverFlow.StackOverFlowApplicationTests], using SpringBootContextLoader
18:42:43.190 [Test worker] DEBUG org.springframework.test.context.support.AbstractContextLoader - Did not detect default resource location for test class [com.Team22.preproject.StackOverFlow.StackOverFlowApplicationTests]: class path resource [com/Team22/preproject/StackOverFlow/StackOverFlowApplicationTests-context.xml] does not exist
18:42:43.191 [Test worker] DEBUG org.springframework.test.context.support.AbstractContextLoader - Did not detect default resource location for test class [com.Team22.preproject.StackOverFlow.StackOverFlowApplicationTests]: class path resource [com/Team22/preproject/StackOverFlow/StackOverFlowApplicationTestsContext.groovy] does not exist
18:42:43.191 [Test worker] INFO org.springframework.test.context.support.AbstractContextLoader - Could not detect default resource locations for test class [com.Team22.preproject.StackOverFlow.StackOverFlowApplicationTests]: no resource found for suffixes {-context.xml, Context.groovy}.
18:42:43.191 [Test worker] INFO org.springframework.test.context.support.AnnotationConfigContextLoaderUtils - Could not detect default configuration classes for test class [com.Team22.preproject.StackOverFlow.StackOverFlowApplicationTests]: StackOverFlowApplicationTests does not declare any static, non-private, non-final, nested classes annotated with @Configuration.
18:42:43.232 [Test worker] DEBUG org.springframework.test.context.support.ActiveProfilesUtils - Could not find an 'annotation declaring class' for annotation type [org.springframework.test.context.ActiveProfiles] and class [com.Team22.preproject.StackOverFlow.StackOverFlowApplicationTests]
18:42:43.281 [Test worker] DEBUG org.springframework.context.annotation.ClassPathScanningCandidateComponentProvider - Identified candidate component class: file [C:\Users\YONGHO\Desktop\seb39_pre_022\Backend\StackOverFlow\build\classes\java\main\com\Team22\preproject\StackOverFlow\StackOverFlowApplication.class]
18:42:43.288 [Test worker] INFO org.springframework.boot.test.context.SpringBootTestContextBootstrapper - Found @SpringBootConfiguration com.Team22.preproject.StackOverFlow.StackOverFlowApplication for test class com.Team22.preproject.StackOverFlow.StackOverFlowApplicationTests
18:42:43.392 [Test worker] DEBUG org.springframework.boot.test.context.SpringBootTestContextBootstrapper - @TestExecutionListeners is not present for class [com.Team22.preproject.StackOverFlow.StackOverFlowApplicationTests]: using defaults.
18:42:43.393 [Test worker] INFO org.springframework.boot.test.context.SpringBootTestContextBootstrapper - Loaded default TestExecutionListener class names from location [META-INF/spring.factories]: [org.springframework.security.test.context.support.WithSecurityContextTestExecutionListener, org.springframework.security.test.context.support.ReactorContextTestExecutionListener, org.springframework.boot.test.autoconfigure.restdocs.RestDocsTestExecutionListener, org.springframework.boot.test.autoconfigure.web.client.MockRestServiceServerResetTestExecutionListener, org.springframework.boot.test.autoconfigure.web.servlet.MockMvcPrintOnlyOnFailureTestExecutionListener, org.springframework.boot.test.autoconfigure.web.servlet.WebDriverTestExecutionListener, org.springframework.boot.test.autoconfigure.webservices.client.MockWebServiceServerTestExecutionListener, org.springframework.boot.test.mock.mockito.MockitoTestExecutionListener, org.springframework.boot.test.mock.mockito.ResetMocksTestExecutionListener, org.springframework.test.context.web.ServletTestExecutionListener, org.springframework.test.context.support.DirtiesContextBeforeModesTestExecutionListener, org.springframework.test.context.event.ApplicationEventsTestExecutionListener, org.springframework.test.context.support.DependencyInjectionTestExecutionListener, org.springframework.test.context.support.DirtiesContextTestExecutionListener, org.springframework.test.context.transaction.TransactionalTestExecutionListener, org.springframework.test.context.jdbc.SqlScriptsTestExecutionListener, org.springframework.test.context.event.EventPublishingTestExecutionListener]
18:42:43.413 [Test worker] INFO org.springframework.boot.test.context.SpringBootTestContextBootstrapper - Using TestExecutionListeners: [org.springframework.test.context.web.ServletTestExecutionListener@1162410a, org.springframework.test.context.support.DirtiesContextBeforeModesTestExecutionListener@b09fac1, org.springframework.test.context.event.ApplicationEventsTestExecutionListener@62df0ff3, org.springframework.boot.test.mock.mockito.MockitoTestExecutionListener@61019f59, org.springframework.boot.test.autoconfigure.SpringBootDependencyInjectionTestExecutionListener@62e8f862, org.springframework.test.context.support.DirtiesContextTestExecutionListener@26f3d90c, org.springframework.test.context.transaction.TransactionalTestExecutionListener@3c49fab6, org.springframework.test.context.jdbc.SqlScriptsTestExecutionListener@515f4131, org.springframework.security.test.context.support.WithSecurityContextTestExecutionListener@74518890, org.springframework.test.context.event.EventPublishingTestExecutionListener@4c5204af, org.springframework.security.test.context.support.ReactorContextTestExecutionListener@3f3ddbd9, org.springframework.boot.test.autoconfigure.restdocs.RestDocsTestExecutionListener@14c053c6, org.springframework.boot.test.autoconfigure.web.client.MockRestServiceServerResetTestExecutionListener@6c2d4cc6, org.springframework.boot.test.autoconfigure.web.servlet.MockMvcPrintOnlyOnFailureTestExecutionListener@30865a90, org.springframework.boot.test.autoconfigure.web.servlet.WebDriverTestExecutionListener@6134ac4a, org.springframework.boot.test.autoconfigure.webservices.client.MockWebServiceServerTestExecutionListener@777c9dc9, org.springframework.boot.test.mock.mockito.ResetMocksTestExecutionListener@71b1a49c]
18:42:43.417 [Test worker] DEBUG org.springframework.test.context.support.AbstractDirtiesContextTestExecutionListener - Before test class: context [DefaultTestContext@22fa55b2 testClass = StackOverFlowApplicationTests, testInstance = [null], testMethod = [null], testException = [null], mergedContextConfiguration = [WebMergedContextConfiguration@4d666b41 testClass = StackOverFlowApplicationTests, locations = '{}', classes = '{class com.Team22.preproject.StackOverFlow.StackOverFlowApplication}', contextInitializerClasses = '[]', activeProfiles = '{}', propertySourceLocations = '{}', propertySourceProperties = '{org.springframework.boot.test.context.SpringBootTestContextBootstrapper=true}', contextCustomizers = set[org.springframework.boot.test.autoconfigure.actuate.metrics.MetricsExportContextCustomizerFactory$DisableMetricExportContextCustomizer@2f9a01c1, org.springframework.boot.test.autoconfigure.properties.PropertyMappingContextCustomizer@0, org.springframework.boot.test.autoconfigure.web.servlet.WebDriverContextCustomizerFactory$Customizer@62fad19, org.springframework.boot.test.context.filter.ExcludeFilterContextCustomizer@2e54db99, org.springframework.boot.test.json.DuplicateJsonObjectContextCustomizerFactory$DuplicateJsonObjectContextCustomizer@773f7880, org.springframework.boot.test.mock.mockito.MockitoContextCustomizer@0, org.springframework.boot.test.web.client.TestRestTemplateContextCustomizer@1c55f277, org.springframework.boot.test.context.SpringBootTestArgs@1, org.springframework.boot.test.context.SpringBootTestWebEnvironment@72ef8d15], resourceBasePath = 'src/main/webapp', contextLoader = 'org.springframework.boot.test.context.SpringBootContextLoader', parent = [null]], attributes = map['org.springframework.test.context.web.ServletTestExecutionListener.activateListener' -> true]], class annotated with @DirtiesContext [false] with mode [null].

  .   ____          _            __ _ _
 /\\ / ___'_ __ _ _(_)_ __  __ _ \ \ \ \
( ( )\___ | '_ | '_| | '_ \/ _` | \ \ \ \
 \\/  ___)| |_)| | | | | || (_| |  ) ) ) )
  '  |____| .__|_| |_|_| |_\__, | / / / /
 =========|_|==============|___/=/_/_/_/
 :: Spring Boot ::                (v2.7.3)

2022-09-06 18:42:43.800  INFO 34004 --- [    Test worker] c.T.p.S.StackOverFlowApplicationTests    : Starting StackOverFlowApplicationTests using Java 11.0.15 on YONGHO with PID 34004 (started by YONGHO in C:\Users\YONGHO\Desktop\seb39_pre_022\Backend\StackOverFlow)
2022-09-06 18:42:43.801  INFO 34004 --- [    Test worker] c.T.p.S.StackOverFlowApplicationTests    : No active profile set, falling back to 1 default profile: "default"
2022-09-06 18:42:44.627  INFO 34004 --- [    Test worker] .s.d.r.c.RepositoryConfigurationDelegate : Multiple Spring Data modules found, entering strict repository configuration mode
2022-09-06 18:42:44.629  INFO 34004 --- [    Test worker] .s.d.r.c.RepositoryConfigurationDelegate : Bootstrapping Spring Data JPA repositories in DEFAULT mode.
2022-09-06 18:42:44.862  INFO 34004 --- [    Test worker] .s.d.r.c.RepositoryConfigurationDelegate : Finished Spring Data repository scanning in 226 ms. Found 6 JPA repository interfaces.
2022-09-06 18:42:44.877  INFO 34004 --- [    Test worker] .s.d.r.c.RepositoryConfigurationDelegate : Multiple Spring Data modules found, entering strict repository configuration mode
2022-09-06 18:42:44.878  INFO 34004 --- [    Test worker] .s.d.r.c.RepositoryConfigurationDelegate : Bootstrapping Spring Data Redis repositories in DEFAULT mode.
2022-09-06 18:42:44.911  INFO 34004 --- [    Test worker] .RepositoryConfigurationExtensionSupport : Spring Data Redis - Could not safely identify store assignment for repository candidate interface com.Team22.preproject.StackOverFlow.answer.repository.AnswerRepository; If you want this repository to be a Redis repository, consider annotating your entities with one of these annotations: org.springframework.data.redis.core.RedisHash (preferred), or consider extending one of the following types with your repository: org.springframework.data.keyvalue.repository.KeyValueRepository
2022-09-06 18:42:44.912  INFO 34004 --- [    Test worker] .RepositoryConfigurationExtensionSupport : Spring Data Redis - Could not safely identify store assignment for repository candidate interface com.Team22.preproject.StackOverFlow.answer.repository.LikeRepository; If you want this repository to be a Redis repository, consider annotating your entities with one of these annotations: org.springframework.data.redis.core.RedisHash (preferred), or consider extending one of the following types with your repository: org.springframework.data.keyvalue.repository.KeyValueRepository
2022-09-06 18:42:44.913  INFO 34004 --- [    Test worker] .RepositoryConfigurationExtensionSupport : Spring Data Redis - Could not safely identify store assignment for repository candidate interface com.Team22.preproject.StackOverFlow.comment.repository.AnswerCommentRepository; If you want this repository to be a Redis repository, consider annotating your entities with one of these annotations: org.springframework.data.redis.core.RedisHash (preferred), or consider extending one of the following types with your repository: org.springframework.data.keyvalue.repository.KeyValueRepository
2022-09-06 18:42:44.913  INFO 34004 --- [    Test worker] .RepositoryConfigurationExtensionSupport : Spring Data Redis - Could not safely identify store assignment for repository candidate interface com.Team22.preproject.StackOverFlow.comment.repository.QuestionCommentRepository; If you want this repository to be a Redis repository, consider annotating your entities with one of these annotations: org.springframework.data.redis.core.RedisHash (preferred), or consider extending one of the following types with your repository: org.springframework.data.keyvalue.repository.KeyValueRepository
2022-09-06 18:42:44.914  INFO 34004 --- [    Test worker] .RepositoryConfigurationExtensionSupport : Spring Data Redis - Could not safely identify store assignment for repository candidate interface com.Team22.preproject.StackOverFlow.member.repository.MemberRepository; If you want this repository to be a Redis repository, consider annotating your entities with one of these annotations: org.springframework.data.redis.core.RedisHash (preferred), or consider extending one of the following types with your repository: org.springframework.data.keyvalue.repository.KeyValueRepository
2022-09-06 18:42:44.914  INFO 34004 --- [    Test worker] .RepositoryConfigurationExtensionSupport : Spring Data Redis - Could not safely identify store assignment for repository candidate interface com.Team22.preproject.StackOverFlow.question.repository.QuestionRepository; If you want this repository to be a Redis repository, consider annotating your entities with one of these annotations: org.springframework.data.redis.core.RedisHash (preferred), or consider extending one of the following types with your repository: org.springframework.data.keyvalue.repository.KeyValueRepository
2022-09-06 18:42:44.914  INFO 34004 --- [    Test worker] .s.d.r.c.RepositoryConfigurationDelegate : Finished Spring Data repository scanning in 27 ms. Found 0 Redis repository interfaces.
2022-09-06 18:42:45.600  INFO 34004 --- [    Test worker] o.hibernate.jpa.internal.util.LogHelper  : HHH000204: Processing PersistenceUnitInfo [name: default]
2022-09-06 18:42:45.672  INFO 34004 --- [    Test worker] org.hibernate.Version                    : HHH000412: Hibernate ORM core version 5.6.10.Final
2022-09-06 18:42:45.868  INFO 34004 --- [    Test worker] o.hibernate.annotations.common.Version   : HCANN000001: Hibernate Commons Annotations {5.1.2.Final}
2022-09-06 18:42:45.998  INFO 34004 --- [    Test worker] com.zaxxer.hikari.HikariDataSource       : HikariPool-1 - Starting...
2022-09-06 18:42:46.227  INFO 34004 --- [    Test worker] com.zaxxer.hikari.HikariDataSource       : HikariPool-1 - Start completed.
2022-09-06 18:42:46.272  INFO 34004 --- [    Test worker] org.hibernate.dialect.Dialect            : HHH000400: Using dialect: org.hibernate.dialect.H2Dialect
2022-09-06 18:42:47.123  INFO 34004 --- [    Test worker] o.h.e.t.j.p.i.JtaPlatformInitiator       : HHH000490: Using JtaPlatform implementation: [org.hibernate.engine.transaction.jta.platform.internal.NoJtaPlatform]
2022-09-06 18:42:47.133  INFO 34004 --- [    Test worker] j.LocalContainerEntityManagerFactoryBean : Initialized JPA EntityManagerFactory for persistence unit 'default'
2022-09-06 18:42:48.100  WARN 34004 --- [    Test worker] .s.s.UserDetailsServiceAutoConfiguration : 

Using generated security password: 6f957f20-4ef9-4b73-ad97-c0f25684270c

This generated password is for development use only. Your security configuration must be updated before running your application in production.

2022-09-06 18:42:48.313  INFO 34004 --- [    Test worker] o.s.s.web.DefaultSecurityFilterChain     : Will secure any request with [org.springframework.security.web.session.DisableEncodeUrlFilter@12d28106, org.springframework.security.web.context.request.async.WebAsyncManagerIntegrationFilter@6a3c1b56, org.springframework.security.web.context.SecurityContextPersistenceFilter@648f48d3, org.springframework.security.web.header.HeaderWriterFilter@76efa2b7, org.springframework.security.web.authentication.logout.LogoutFilter@77e261e3, org.springframework.security.web.savedrequest.RequestCacheAwareFilter@34a482d0, org.springframework.security.web.servletapi.SecurityContextHolderAwareRequestFilter@2a738d47, org.springframework.security.web.authentication.AnonymousAuthenticationFilter@3b8ce72, org.springframework.security.web.session.SessionManagementFilter@64b20d9c, org.springframework.security.web.access.ExceptionTranslationFilter@258ac1e6, org.springframework.security.web.access.intercept.FilterSecurityInterceptor@2e9f5499]
2022-09-06 18:42:48.331  WARN 34004 --- [    Test worker] o.s.s.c.a.web.builders.WebSecurity       : You are asking Spring Security to ignore Ant [pattern='/h2-console/**']. This is not recommended -- please use permitAll via HttpSecurity#authorizeHttpRequests instead.
2022-09-06 18:42:48.332  INFO 34004 --- [    Test worker] o.s.s.web.DefaultSecurityFilterChain     : Will not secure Ant [pattern='/h2-console/**']
2022-09-06 18:42:48.332  WARN 34004 --- [    Test worker] o.s.s.c.a.web.builders.WebSecurity       : You are asking Spring Security to ignore Ant [pattern='/favicon.ico']. This is not recommended -- please use permitAll via HttpSecurity#authorizeHttpRequests instead.
2022-09-06 18:42:48.332  INFO 34004 --- [    Test worker] o.s.s.web.DefaultSecurityFilterChain     : Will not secure Ant [pattern='/favicon.ico']
2022-09-06 18:42:48.607  WARN 34004 --- [    Test worker] JpaBaseConfiguration$JpaWebConfiguration : spring.jpa.open-in-view is enabled by default. Therefore, database queries may be performed during view rendering. Explicitly configure spring.jpa.open-in-view to disable this warning
2022-09-06 18:42:48.969  INFO 34004 --- [    Test worker] o.s.b.a.h2.H2ConsoleAutoConfiguration    : H2 console available at '/h2'. Database available at 'jdbc:h2:mem:StackOverFlow'
2022-09-06 18:42:49.828  INFO 34004 --- [    Test worker] c.T.p.S.StackOverFlowApplicationTests    : Started StackOverFlowApplicationTests in 6.375 seconds (JVM running for 8.41)
]]></system-out>
  <system-err><![CDATA[]]></system-err>
</testsuite>
