<?xml version="1.0" encoding="UTF-8"?>
<testsuite name="com.Team22.preproject.StackOverFlow.StackOverFlowApplicationTests" tests="1" skipped="0" failures="0" errors="0" timestamp="2022-08-31T05:28:29" hostname="imdong-geun-ui-MacBookAir.local" time="0.169">
  <properties/>
  <testcase name="contextLoads()" classname="com.Team22.preproject.StackOverFlow.StackOverFlowApplicationTests" time="0.169"/>
  <system-out><![CDATA[14:28:19.827 [Test worker] DEBUG org.springframework.test.context.BootstrapUtils - Instantiating CacheAwareContextLoaderDelegate from class [org.springframework.test.context.cache.DefaultCacheAwareContextLoaderDelegate]
14:28:19.845 [Test worker] DEBUG org.springframework.test.context.BootstrapUtils - Instantiating BootstrapContext using constructor [public org.springframework.test.context.support.DefaultBootstrapContext(java.lang.Class,org.springframework.test.context.CacheAwareContextLoaderDelegate)]
14:28:19.900 [Test worker] DEBUG org.springframework.test.context.BootstrapUtils - Instantiating TestContextBootstrapper for test class [com.Team22.preproject.StackOverFlow.StackOverFlowApplicationTests] from class [org.springframework.boot.test.context.SpringBootTestContextBootstrapper]
14:28:19.912 [Test worker] INFO org.springframework.boot.test.context.SpringBootTestContextBootstrapper - Neither @ContextConfiguration nor @ContextHierarchy found for test class [com.Team22.preproject.StackOverFlow.StackOverFlowApplicationTests], using SpringBootContextLoader
14:28:19.918 [Test worker] DEBUG org.springframework.test.context.support.AbstractContextLoader - Did not detect default resource location for test class [com.Team22.preproject.StackOverFlow.StackOverFlowApplicationTests]: class path resource [com/Team22/preproject/StackOverFlow/StackOverFlowApplicationTests-context.xml] does not exist
14:28:19.918 [Test worker] DEBUG org.springframework.test.context.support.AbstractContextLoader - Did not detect default resource location for test class [com.Team22.preproject.StackOverFlow.StackOverFlowApplicationTests]: class path resource [com/Team22/preproject/StackOverFlow/StackOverFlowApplicationTestsContext.groovy] does not exist
14:28:19.919 [Test worker] INFO org.springframework.test.context.support.AbstractContextLoader - Could not detect default resource locations for test class [com.Team22.preproject.StackOverFlow.StackOverFlowApplicationTests]: no resource found for suffixes {-context.xml, Context.groovy}.
14:28:19.919 [Test worker] INFO org.springframework.test.context.support.AnnotationConfigContextLoaderUtils - Could not detect default configuration classes for test class [com.Team22.preproject.StackOverFlow.StackOverFlowApplicationTests]: StackOverFlowApplicationTests does not declare any static, non-private, non-final, nested classes annotated with @Configuration.
14:28:19.973 [Test worker] DEBUG org.springframework.test.context.support.ActiveProfilesUtils - Could not find an 'annotation declaring class' for annotation type [org.springframework.test.context.ActiveProfiles] and class [com.Team22.preproject.StackOverFlow.StackOverFlowApplicationTests]
14:28:20.038 [Test worker] DEBUG org.springframework.context.annotation.ClassPathScanningCandidateComponentProvider - Identified candidate component class: file [/Users/limdongkeun/Desktop/Team22 Project/seb39_pre_022/Backend/StackOverFlow/build/classes/java/main/com/Team22/preproject/StackOverFlow/StackOverFlowApplication.class]
14:28:20.066 [Test worker] INFO org.springframework.boot.test.context.SpringBootTestContextBootstrapper - Found @SpringBootConfiguration com.Team22.preproject.StackOverFlow.StackOverFlowApplication for test class com.Team22.preproject.StackOverFlow.StackOverFlowApplicationTests
14:28:20.158 [Test worker] DEBUG org.springframework.boot.test.context.SpringBootTestContextBootstrapper - @TestExecutionListeners is not present for class [com.Team22.preproject.StackOverFlow.StackOverFlowApplicationTests]: using defaults.
14:28:20.160 [Test worker] INFO org.springframework.boot.test.context.SpringBootTestContextBootstrapper - Loaded default TestExecutionListener class names from location [META-INF/spring.factories]: [org.springframework.security.test.context.support.WithSecurityContextTestExecutionListener, org.springframework.security.test.context.support.ReactorContextTestExecutionListener, org.springframework.boot.test.autoconfigure.restdocs.RestDocsTestExecutionListener, org.springframework.boot.test.autoconfigure.web.client.MockRestServiceServerResetTestExecutionListener, org.springframework.boot.test.autoconfigure.web.servlet.MockMvcPrintOnlyOnFailureTestExecutionListener, org.springframework.boot.test.autoconfigure.web.servlet.WebDriverTestExecutionListener, org.springframework.boot.test.autoconfigure.webservices.client.MockWebServiceServerTestExecutionListener, org.springframework.boot.test.mock.mockito.MockitoTestExecutionListener, org.springframework.boot.test.mock.mockito.ResetMocksTestExecutionListener, org.springframework.test.context.web.ServletTestExecutionListener, org.springframework.test.context.support.DirtiesContextBeforeModesTestExecutionListener, org.springframework.test.context.event.ApplicationEventsTestExecutionListener, org.springframework.test.context.support.DependencyInjectionTestExecutionListener, org.springframework.test.context.support.DirtiesContextTestExecutionListener, org.springframework.test.context.transaction.TransactionalTestExecutionListener, org.springframework.test.context.jdbc.SqlScriptsTestExecutionListener, org.springframework.test.context.event.EventPublishingTestExecutionListener]
14:28:20.183 [Test worker] INFO org.springframework.boot.test.context.SpringBootTestContextBootstrapper - Using TestExecutionListeners: [org.springframework.test.context.web.ServletTestExecutionListener@160c3ec1, org.springframework.test.context.support.DirtiesContextBeforeModesTestExecutionListener@182b435b, org.springframework.test.context.event.ApplicationEventsTestExecutionListener@4d0402b, org.springframework.boot.test.mock.mockito.MockitoTestExecutionListener@2fa7ae9, org.springframework.boot.test.autoconfigure.SpringBootDependencyInjectionTestExecutionListener@7577b641, org.springframework.test.context.support.DirtiesContextTestExecutionListener@3704122f, org.springframework.test.context.transaction.TransactionalTestExecutionListener@3153ddfc, org.springframework.test.context.jdbc.SqlScriptsTestExecutionListener@60afd40d, org.springframework.security.test.context.support.WithSecurityContextTestExecutionListener@28a2a3e7, org.springframework.test.context.event.EventPublishingTestExecutionListener@3f2049b6, org.springframework.security.test.context.support.ReactorContextTestExecutionListener@10b3df93, org.springframework.boot.test.autoconfigure.restdocs.RestDocsTestExecutionListener@ea27e34, org.springframework.boot.test.autoconfigure.web.client.MockRestServiceServerResetTestExecutionListener@33a2499c, org.springframework.boot.test.autoconfigure.web.servlet.MockMvcPrintOnlyOnFailureTestExecutionListener@e72dba7, org.springframework.boot.test.autoconfigure.web.servlet.WebDriverTestExecutionListener@33c2bd, org.springframework.boot.test.autoconfigure.webservices.client.MockWebServiceServerTestExecutionListener@1dfd5f51, org.springframework.boot.test.mock.mockito.ResetMocksTestExecutionListener@3c321bdb]
14:28:20.187 [Test worker] DEBUG org.springframework.test.context.support.AbstractDirtiesContextTestExecutionListener - Before test class: context [DefaultTestContext@3bb9efbc testClass = StackOverFlowApplicationTests, testInstance = [null], testMethod = [null], testException = [null], mergedContextConfiguration = [WebMergedContextConfiguration@1cefc4b3 testClass = StackOverFlowApplicationTests, locations = '{}', classes = '{class com.Team22.preproject.StackOverFlow.StackOverFlowApplication}', contextInitializerClasses = '[]', activeProfiles = '{}', propertySourceLocations = '{}', propertySourceProperties = '{org.springframework.boot.test.context.SpringBootTestContextBootstrapper=true}', contextCustomizers = set[org.springframework.boot.test.autoconfigure.actuate.metrics.MetricsExportContextCustomizerFactory$DisableMetricExportContextCustomizer@4044fb95, org.springframework.boot.test.autoconfigure.properties.PropertyMappingContextCustomizer@0, org.springframework.boot.test.autoconfigure.web.servlet.WebDriverContextCustomizerFactory$Customizer@16746061, org.springframework.boot.test.context.filter.ExcludeFilterContextCustomizer@5c8eee0f, org.springframework.boot.test.json.DuplicateJsonObjectContextCustomizerFactory$DuplicateJsonObjectContextCustomizer@56a4479a, org.springframework.boot.test.mock.mockito.MockitoContextCustomizer@0, org.springframework.boot.test.web.client.TestRestTemplateContextCustomizer@183e8023, org.springframework.boot.test.context.SpringBootTestArgs@1, org.springframework.boot.test.context.SpringBootTestWebEnvironment@21d03963], resourceBasePath = 'src/main/webapp', contextLoader = 'org.springframework.boot.test.context.SpringBootContextLoader', parent = [null]], attributes = map['org.springframework.test.context.web.ServletTestExecutionListener.activateListener' -> true]], class annotated with @DirtiesContext [false] with mode [null].

  .   ____          _            __ _ _
 /\\ / ___'_ __ _ _(_)_ __  __ _ \ \ \ \
( ( )\___ | '_ | '_| | '_ \/ _` | \ \ \ \
 \\/  ___)| |_)| | | | | || (_| |  ) ) ) )
  '  |____| .__|_| |_|_| |_\__, | / / / /
 =========|_|==============|___/=/_/_/_/
 :: Spring Boot ::                (v2.7.3)

2022-08-31 14:28:20.926  INFO 86369 --- [    Test worker] c.T.p.S.StackOverFlowApplicationTests    : Starting StackOverFlowApplicationTests using Java 11.0.13 on imdong-geun-ui-MacBookAir.local with PID 86369 (started by limdongkeun in /Users/limdongkeun/Desktop/Team22 Project/seb39_pre_022/Backend/StackOverFlow)
2022-08-31 14:28:20.930  INFO 86369 --- [    Test worker] c.T.p.S.StackOverFlowApplicationTests    : No active profile set, falling back to 1 default profile: "default"
2022-08-31 14:28:23.298  INFO 86369 --- [    Test worker] .s.d.r.c.RepositoryConfigurationDelegate : Multiple Spring Data modules found, entering strict repository configuration mode
2022-08-31 14:28:23.306  INFO 86369 --- [    Test worker] .s.d.r.c.RepositoryConfigurationDelegate : Bootstrapping Spring Data JPA repositories in DEFAULT mode.
2022-08-31 14:28:23.589  INFO 86369 --- [    Test worker] .s.d.r.c.RepositoryConfigurationDelegate : Finished Spring Data repository scanning in 273 ms. Found 4 JPA repository interfaces.
2022-08-31 14:28:23.635  INFO 86369 --- [    Test worker] .s.d.r.c.RepositoryConfigurationDelegate : Multiple Spring Data modules found, entering strict repository configuration mode
2022-08-31 14:28:23.636  INFO 86369 --- [    Test worker] .s.d.r.c.RepositoryConfigurationDelegate : Bootstrapping Spring Data Redis repositories in DEFAULT mode.
2022-08-31 14:28:23.668  INFO 86369 --- [    Test worker] .RepositoryConfigurationExtensionSupport : Spring Data Redis - Could not safely identify store assignment for repository candidate interface com.Team22.preproject.StackOverFlow.answer.repository.AnswerRepository; If you want this repository to be a Redis repository, consider annotating your entities with one of these annotations: org.springframework.data.redis.core.RedisHash (preferred), or consider extending one of the following types with your repository: org.springframework.data.keyvalue.repository.KeyValueRepository
2022-08-31 14:28:23.669  INFO 86369 --- [    Test worker] .RepositoryConfigurationExtensionSupport : Spring Data Redis - Could not safely identify store assignment for repository candidate interface com.Team22.preproject.StackOverFlow.comment.repository.QuestionCommentRepository; If you want this repository to be a Redis repository, consider annotating your entities with one of these annotations: org.springframework.data.redis.core.RedisHash (preferred), or consider extending one of the following types with your repository: org.springframework.data.keyvalue.repository.KeyValueRepository
2022-08-31 14:28:23.670  INFO 86369 --- [    Test worker] .RepositoryConfigurationExtensionSupport : Spring Data Redis - Could not safely identify store assignment for repository candidate interface com.Team22.preproject.StackOverFlow.member.repository.MemberRepository; If you want this repository to be a Redis repository, consider annotating your entities with one of these annotations: org.springframework.data.redis.core.RedisHash (preferred), or consider extending one of the following types with your repository: org.springframework.data.keyvalue.repository.KeyValueRepository
2022-08-31 14:28:23.670  INFO 86369 --- [    Test worker] .RepositoryConfigurationExtensionSupport : Spring Data Redis - Could not safely identify store assignment for repository candidate interface com.Team22.preproject.StackOverFlow.question.repository.QuestionRepository; If you want this repository to be a Redis repository, consider annotating your entities with one of these annotations: org.springframework.data.redis.core.RedisHash (preferred), or consider extending one of the following types with your repository: org.springframework.data.keyvalue.repository.KeyValueRepository
2022-08-31 14:28:23.671  INFO 86369 --- [    Test worker] .s.d.r.c.RepositoryConfigurationDelegate : Finished Spring Data repository scanning in 26 ms. Found 0 Redis repository interfaces.
2022-08-31 14:28:24.842  INFO 86369 --- [    Test worker] o.hibernate.jpa.internal.util.LogHelper  : HHH000204: Processing PersistenceUnitInfo [name: default]
2022-08-31 14:28:24.904  INFO 86369 --- [    Test worker] org.hibernate.Version                    : HHH000412: Hibernate ORM core version 5.6.10.Final
2022-08-31 14:28:25.109  INFO 86369 --- [    Test worker] o.hibernate.annotations.common.Version   : HCANN000001: Hibernate Commons Annotations {5.1.2.Final}
2022-08-31 14:28:25.217  INFO 86369 --- [    Test worker] com.zaxxer.hikari.HikariDataSource       : HikariPool-1 - Starting...
2022-08-31 14:28:25.489  INFO 86369 --- [    Test worker] com.zaxxer.hikari.HikariDataSource       : HikariPool-1 - Start completed.
2022-08-31 14:28:25.529  INFO 86369 --- [    Test worker] org.hibernate.dialect.Dialect            : HHH000400: Using dialect: org.hibernate.dialect.H2Dialect
2022-08-31 14:28:26.745  INFO 86369 --- [    Test worker] o.h.e.t.j.p.i.JtaPlatformInitiator       : HHH000490: Using JtaPlatform implementation: [org.hibernate.engine.transaction.jta.platform.internal.NoJtaPlatform]
2022-08-31 14:28:26.754  INFO 86369 --- [    Test worker] j.LocalContainerEntityManagerFactoryBean : Initialized JPA EntityManagerFactory for persistence unit 'default'
2022-08-31 14:28:27.829  WARN 86369 --- [    Test worker] .s.s.UserDetailsServiceAutoConfiguration : 

Using generated security password: 9c2c6930-cdec-4e50-9abf-25076af598bb

This generated password is for development use only. Your security configuration must be updated before running your application in production.

2022-08-31 14:28:28.089  INFO 86369 --- [    Test worker] o.s.s.web.DefaultSecurityFilterChain     : Will secure any request with [org.springframework.security.web.session.DisableEncodeUrlFilter@3514df8d, org.springframework.security.web.context.request.async.WebAsyncManagerIntegrationFilter@b0e6d4e, org.springframework.security.web.context.SecurityContextPersistenceFilter@501b15b9, org.springframework.security.web.header.HeaderWriterFilter@99948fe, org.springframework.security.web.authentication.logout.LogoutFilter@38991781, org.springframework.security.web.savedrequest.RequestCacheAwareFilter@4f579582, org.springframework.security.web.servletapi.SecurityContextHolderAwareRequestFilter@4769e70c, org.springframework.security.web.authentication.AnonymousAuthenticationFilter@2bf2523f, org.springframework.security.web.session.SessionManagementFilter@4e8b36af, org.springframework.security.web.access.ExceptionTranslationFilter@488c6c98, org.springframework.security.web.access.intercept.FilterSecurityInterceptor@75c30a4f]
2022-08-31 14:28:28.113  WARN 86369 --- [    Test worker] o.s.s.c.a.web.builders.WebSecurity       : You are asking Spring Security to ignore Ant [pattern='/h2-console/**']. This is not recommended -- please use permitAll via HttpSecurity#authorizeHttpRequests instead.
2022-08-31 14:28:28.114  INFO 86369 --- [    Test worker] o.s.s.web.DefaultSecurityFilterChain     : Will not secure Ant [pattern='/h2-console/**']
2022-08-31 14:28:28.114  WARN 86369 --- [    Test worker] o.s.s.c.a.web.builders.WebSecurity       : You are asking Spring Security to ignore Ant [pattern='/favicon.ico']. This is not recommended -- please use permitAll via HttpSecurity#authorizeHttpRequests instead.
2022-08-31 14:28:28.115  INFO 86369 --- [    Test worker] o.s.s.web.DefaultSecurityFilterChain     : Will not secure Ant [pattern='/favicon.ico']
2022-08-31 14:28:28.460  WARN 86369 --- [    Test worker] JpaBaseConfiguration$JpaWebConfiguration : spring.jpa.open-in-view is enabled by default. Therefore, database queries may be performed during view rendering. Explicitly configure spring.jpa.open-in-view to disable this warning
2022-08-31 14:28:28.827  INFO 86369 --- [    Test worker] o.s.b.a.h2.H2ConsoleAutoConfiguration    : H2 console available at '/h2'. Database available at 'jdbc:h2:mem:StackOverFlow'
2022-08-31 14:28:29.824  INFO 86369 --- [    Test worker] c.T.p.S.StackOverFlowApplicationTests    : Started StackOverFlowApplicationTests in 9.512 seconds (JVM running for 11.31)
]]></system-out>
  <system-err><![CDATA[]]></system-err>
</testsuite>
