<?xml version="1.0" encoding="UTF-8"?>
<testsuite name="com.Team22.preproject.StackOverFlow.session.SessionTest" tests="1" skipped="0" failures="0" errors="0" timestamp="2022-09-06T09:42:51" hostname="YONGHO" time="0.0">
  <properties/>
  <testcase name="LoginSessionTest()" classname="com.Team22.preproject.StackOverFlow.session.SessionTest" time="0.0"/>
  <system-out><![CDATA[]]></system-out>
  <system-err><![CDATA[]]></system-err>
</testsuite>
