<?xml version="1.0" encoding="UTF-8"?>
<testsuite name="com.Team22.preproject.StackOverFlow.member.controller.MemberControllerTest" tests="4" skipped="0" failures="0" errors="0" timestamp="2022-09-06T09:42:51" hostname="YONGHO" time="0.387">
  <properties/>
  <testcase name="회원정보 수정" classname="com.Team22.preproject.StackOverFlow.member.controller.MemberControllerTest" time="0.292"/>
  <testcase name="회원 삭제" classname="com.Team22.preproject.StackOverFlow.member.controller.MemberControllerTest" time="0.016"/>
  <testcase name="회원가입" classname="com.Team22.preproject.StackOverFlow.member.controller.MemberControllerTest" time="0.045"/>
  <testcase name="로그인" classname="com.Team22.preproject.StackOverFlow.member.controller.MemberControllerTest" time="0.03"/>
  <system-out><![CDATA[2022-09-06 18:42:49.970  INFO 34004 --- [    Test worker] .b.t.a.w.s.WebMvcTestContextBootstrapper : Neither @ContextConfiguration nor @ContextHierarchy found for test class [com.Team22.preproject.StackOverFlow.member.controller.MemberControllerTest], using SpringBootContextLoader
2022-09-06 18:42:49.971  INFO 34004 --- [    Test worker] o.s.t.c.support.AbstractContextLoader    : Could not detect default resource locations for test class [com.Team22.preproject.StackOverFlow.member.controller.MemberControllerTest]: no resource found for suffixes {-context.xml, Context.groovy}.
2022-09-06 18:42:49.971  INFO 34004 --- [    Test worker] t.c.s.AnnotationConfigContextLoaderUtils : Could not detect default configuration classes for test class [com.Team22.preproject.StackOverFlow.member.controller.MemberControllerTest]: MemberControllerTest does not declare any static, non-private, non-final, nested classes annotated with @Configuration.
2022-09-06 18:42:50.008  INFO 34004 --- [    Test worker] .b.t.c.SpringBootTestContextBootstrapper : Found @SpringBootConfiguration com.Team22.preproject.StackOverFlow.StackOverFlowApplication for test class com.Team22.preproject.StackOverFlow.member.controller.MemberControllerTest
2022-09-06 18:42:50.009  INFO 34004 --- [    Test worker] .b.t.a.w.s.WebMvcTestContextBootstrapper : Loaded default TestExecutionListener class names from location [META-INF/spring.factories]: [org.springframework.security.test.context.support.WithSecurityContextTestExecutionListener, org.springframework.security.test.context.support.ReactorContextTestExecutionListener, org.springframework.boot.test.autoconfigure.restdocs.RestDocsTestExecutionListener, org.springframework.boot.test.autoconfigure.web.client.MockRestServiceServerResetTestExecutionListener, org.springframework.boot.test.autoconfigure.web.servlet.MockMvcPrintOnlyOnFailureTestExecutionListener, org.springframework.boot.test.autoconfigure.web.servlet.WebDriverTestExecutionListener, org.springframework.boot.test.autoconfigure.webservices.client.MockWebServiceServerTestExecutionListener, org.springframework.boot.test.mock.mockito.MockitoTestExecutionListener, org.springframework.boot.test.mock.mockito.ResetMocksTestExecutionListener, org.springframework.test.context.web.ServletTestExecutionListener, org.springframework.test.context.support.DirtiesContextBeforeModesTestExecutionListener, org.springframework.test.context.event.ApplicationEventsTestExecutionListener, org.springframework.test.context.support.DependencyInjectionTestExecutionListener, org.springframework.test.context.support.DirtiesContextTestExecutionListener, org.springframework.test.context.transaction.TransactionalTestExecutionListener, org.springframework.test.context.jdbc.SqlScriptsTestExecutionListener, org.springframework.test.context.event.EventPublishingTestExecutionListener]
2022-09-06 18:42:50.009  INFO 34004 --- [    Test worker] .b.t.a.w.s.WebMvcTestContextBootstrapper : Using TestExecutionListeners: [org.springframework.test.context.web.ServletTestExecutionListener@388a6656, org.springframework.test.context.support.DirtiesContextBeforeModesTestExecutionListener@32b19d03, org.springframework.test.context.event.ApplicationEventsTestExecutionListener@3f8090db, org.springframework.boot.test.mock.mockito.MockitoTestExecutionListener@6f1b0ead, org.springframework.boot.test.autoconfigure.SpringBootDependencyInjectionTestExecutionListener@4487dce, org.springframework.test.context.support.DirtiesContextTestExecutionListener@3aafa1c1, org.springframework.test.context.transaction.TransactionalTestExecutionListener@192f807, org.springframework.test.context.jdbc.SqlScriptsTestExecutionListener@36cbe0fe, org.springframework.security.test.context.support.WithSecurityContextTestExecutionListener@712a5de4, org.springframework.test.context.event.EventPublishingTestExecutionListener@364c4ba9, org.springframework.security.test.context.support.ReactorContextTestExecutionListener@2008dfa7, org.springframework.boot.test.autoconfigure.restdocs.RestDocsTestExecutionListener@492d0748, org.springframework.boot.test.autoconfigure.web.client.MockRestServiceServerResetTestExecutionListener@6a4ba6f4, org.springframework.boot.test.autoconfigure.web.servlet.MockMvcPrintOnlyOnFailureTestExecutionListener@3e0eb917, org.springframework.boot.test.autoconfigure.web.servlet.WebDriverTestExecutionListener@589dac96, org.springframework.boot.test.autoconfigure.webservices.client.MockWebServiceServerTestExecutionListener@792bf78a, org.springframework.boot.test.mock.mockito.ResetMocksTestExecutionListener@4e60925d]

  .   ____          _            __ _ _
 /\\ / ___'_ __ _ _(_)_ __  __ _ \ \ \ \
( ( )\___ | '_ | '_| | '_ \/ _` | \ \ \ \
 \\/  ___)| |_)| | | | | || (_| |  ) ) ) )
  '  |____| .__|_| |_|_| |_\__, | / / / /
 =========|_|==============|___/=/_/_/_/
 :: Spring Boot ::                (v2.7.3)

2022-09-06 18:42:50.050  INFO 34004 --- [    Test worker] c.T.p.S.m.c.MemberControllerTest         : Starting MemberControllerTest using Java 11.0.15 on YONGHO with PID 34004 (started by YONGHO in C:\Users\YONGHO\Desktop\seb39_pre_022\Backend\StackOverFlow)
2022-09-06 18:42:50.050  INFO 34004 --- [    Test worker] c.T.p.S.m.c.MemberControllerTest         : No active profile set, falling back to 1 default profile: "default"
2022-09-06 18:42:50.790  WARN 34004 --- [    Test worker] .s.s.UserDetailsServiceAutoConfiguration : 

Using generated security password: a6e6e637-9eef-4e48-8258-a67251d1fc02

This generated password is for development use only. Your security configuration must be updated before running your application in production.

2022-09-06 18:42:50.923  INFO 34004 --- [    Test worker] o.s.s.web.DefaultSecurityFilterChain     : Will secure any request with [org.springframework.security.web.session.DisableEncodeUrlFilter@127c5f20, org.springframework.security.web.context.request.async.WebAsyncManagerIntegrationFilter@417c9b17, org.springframework.security.web.context.SecurityContextPersistenceFilter@426fb1c3, org.springframework.security.web.header.HeaderWriterFilter@3e711e84, org.springframework.security.web.csrf.CsrfFilter@7056cda8, org.springframework.security.web.authentication.logout.LogoutFilter@24e63b9f, org.springframework.security.web.authentication.UsernamePasswordAuthenticationFilter@52a9c251, org.springframework.security.web.authentication.ui.DefaultLoginPageGeneratingFilter@577e2b91, org.springframework.security.web.authentication.ui.DefaultLogoutPageGeneratingFilter@17d13926, org.springframework.security.web.authentication.www.BasicAuthenticationFilter@7fb539df, org.springframework.security.web.savedrequest.RequestCacheAwareFilter@5fc3bf09, org.springframework.security.web.servletapi.SecurityContextHolderAwareRequestFilter@69f01f4b, org.springframework.security.web.authentication.AnonymousAuthenticationFilter@511cc6fc, org.springframework.security.web.session.SessionManagementFilter@61bbe16d, org.springframework.security.web.access.ExceptionTranslationFilter@788cb7b0, org.springframework.security.web.access.intercept.FilterSecurityInterceptor@39df2652]
2022-09-06 18:42:51.045  INFO 34004 --- [    Test worker] o.s.b.t.m.w.SpringBootMockServletContext : Initializing Spring TestDispatcherServlet ''
2022-09-06 18:42:51.046  INFO 34004 --- [    Test worker] o.s.t.web.servlet.TestDispatcherServlet  : Initializing Servlet ''
2022-09-06 18:42:51.046  INFO 34004 --- [    Test worker] o.s.t.web.servlet.TestDispatcherServlet  : Completed initialization in 0 ms
2022-09-06 18:42:51.058  INFO 34004 --- [    Test worker] c.T.p.S.m.c.MemberControllerTest         : Started MemberControllerTest in 1.045 seconds (JVM running for 9.639)
member = com.Team22.preproject.StackOverFlow.member.entity.Member@4b6cb083
content = {"email":"hgd@gmail.com","password":"1234"}
]]></system-out>
  <system-err><![CDATA[]]></system-err>
</testsuite>
